<?xml version="1.0" encoding="UTF-8"?>
<!-- Generated by org.testng.reporters.JUnitReportReporter -->
<testsuite hostname="DESKTOP-P8R4JQ7" failures="0" tests="4" name="apisfree.testcases.HomePage_UIValidationTest" time="13.378" errors="0" timestamp="2023-11-28T03:47:36 IST" skipped="0">
  <testcase classname="apisfree.testcases.HomePage_UIValidationTest" name="validateSampleSpecAnalysisLinkTest" time="3.330"/>
  <testcase classname="apisfree.testcases.HomePage_UIValidationTest" name="validateSampleScanLinkTest" time="3.075"/>
  <testcase classname="apisfree.testcases.HomePage_UIValidationTest" name="EmailTextboxTextTest" time="3.623"/>
  <testcase classname="apisfree.testcases.HomePage_UIValidationTest" name="SpecTextboxTextTest" time="3.350"/>
</testsuite> <!-- apisfree.testcases.HomePage_UIValidationTest -->
