<?xml version="1.0" encoding="UTF-8"?>
<!-- Generated by org.testng.reporters.JUnitReportReporter -->
<testsuite hostname="DESKTOP-P8R4JQ7" failures="0" tests="1" name="apisfree.testcases.HomePage_SpecUrlTest" time="1.832" errors="0" timestamp="2024-01-14T14:12:00 IST" skipped="0">
  <testcase classname="apisfree.testcases.HomePage_SpecUrlTest" name="validateSpecUrlAndRunTest" time="1.832"/>
</testsuite> <!-- apisfree.testcases.HomePage_SpecUrlTest -->
